<?xml version="1.0" encoding="UTF-8" ?>
<testsuite failures="1" time="64.773" errors="0" skipped="0" tests="1" name="SearchTest">
  <properties>
    <property name="java.runtime.name" value="Java(TM) SE Runtime Environment"/>
    <property name="sun.boot.library.path" value="C:\Program Files\Java\jdk1.7.0_40\jre\bin"/>
    <property name="java.vm.version" value="24.0-b56"/>
    <property name="java.vm.vendor" value="Oracle Corporation"/>
    <property name="java.vendor.url" value="http://java.oracle.com/"/>
    <property name="path.separator" value=";"/>
    <property name="guice.disable.misplaced.annotation.check" value="true"/>
    <property name="java.vm.name" value="Java HotSpot(TM) 64-Bit Server VM"/>
    <property name="file.encoding.pkg" value="sun.io"/>
    <property name="user.script" value=""/>
    <property name="user.country" value="GB"/>
    <property name="sun.java.launcher" value="SUN_STANDARD"/>
    <property name="sun.os.patch.level" value="Service Pack 1"/>
    <property name="java.vm.specification.name" value="Java Virtual Machine Specification"/>
    <property name="user.dir" value="C:\Users\Lenovo\workspace\com.selenium.dummy"/>
    <property name="java.runtime.version" value="1.7.0_40-b43"/>
    <property name="java.awt.graphicsenv" value="sun.awt.Win32GraphicsEnvironment"/>
    <property name="java.endorsed.dirs" value="C:\Program Files\Java\jdk1.7.0_40\jre\lib\endorsed"/>
    <property name="os.arch" value="amd64"/>
    <property name="java.io.tmpdir" value="C:\Users\Lenovo\AppData\Local\Temp\"/>
    <property name="line.separator" value="
"/>
    <property name="java.vm.specification.vendor" value="Oracle Corporation"/>
    <property name="user.variant" value=""/>
    <property name="os.name" value="Windows 7"/>
    <property name="classworlds.conf" value="C:\Users\Lenovo\workspace\.metadata\.plugins\org.eclipse.m2e.launching\launches\m2conf3428405596720309123.tmp"/>
    <property name="sun.jnu.encoding" value="Cp1252"/>
    <property name="java.library.path" value="C:\Program Files\Java\jdk1.7.0_40\bin;C:\Windows\Sun\Java\bin;C:\Windows\system32;C:\Windows;C:/Program Files/Java/jdk1.7.0_40/bin/../jre/bin/server;C:/Program Files/Java/jdk1.7.0_40/bin/../jre/bin;C:/Program Files/Java/jdk1.7.0_40/bin/../jre/lib/amd64;C:\Windows\system32;C:\Windows;C:\Windows\System32\Wbem;C:\Windows\System32\WindowsPowerShell\v1.0\;C:\Program Files\Java\jdk1.7.0_40\bin;C:\Program Files\Java\jre7\bin;C:\selenium docs\apache-maven-3.1.0\bin;C:\Program Files (x86)\MySQL\MySQL Utilities 1.3.4\;C:\Program Files (x86)\MKVtoolnix;C:\Program Files (x86)\Google\Chrome\Application\chrome.exe;C:\Program Files (x86)\Mozilla Firefox\firefox.exe;C:\Program Files\MySQL\MySQL Server 5.5\bin;C:\Program Files (x86)\Windows Kits\8.1\Windows Performance Toolkit\;C:\Program Files\Microsoft SQL Server\110\Tools\Binn\;C:\Users\Lenovo\Desktop;C:\Ruby193\bin;C:\Users\Lenovo\Documents\Visual Studio 2013\Projects\newprogram\newprogram\chromedriver.exe;C:\Program Files (x86)\Git\cmd;C:\Ruby193\bin;C:\Program Files\eclipse-jee-juno-SR1-win32-x86_64\eclipse;;."/>
    <property name="java.specification.name" value="Java Platform API Specification"/>
    <property name="java.class.version" value="51.0"/>
    <property name="sun.management.compiler" value="HotSpot 64-Bit Tiered Compilers"/>
    <property name="os.version" value="6.1"/>
    <property name="user.home" value="C:\Users\Lenovo"/>
    <property name="user.timezone" value="Europe/London"/>
    <property name="java.awt.printerjob" value="sun.awt.windows.WPrinterJob"/>
    <property name="java.specification.version" value="1.7"/>
    <property name="file.encoding" value="Cp1252"/>
    <property name="user.name" value="Lenovo"/>
    <property name="java.class.path" value="/C:/Program Files/eclipse-jee-juno-SR1-win32-x86_64/eclipse/configuration/org.eclipse.osgi/bundles/858/1/.cp/jars/plexus-classworlds-2.4.jar"/>
    <property name="java.vm.specification.version" value="1.7"/>
    <property name="sun.arch.data.model" value="64"/>
    <property name="java.home" value="C:\Program Files\Java\jdk1.7.0_40\jre"/>
    <property name="sun.java.command" value="org.codehaus.plexus.classworlds.launcher.Launcher -B install"/>
    <property name="java.specification.vendor" value="Oracle Corporation"/>
    <property name="user.language" value="en"/>
    <property name="awt.toolkit" value="sun.awt.windows.WToolkit"/>
    <property name="java.vm.info" value="mixed mode"/>
    <property name="java.version" value="1.7.0_40"/>
    <property name="java.ext.dirs" value="C:\Program Files\Java\jdk1.7.0_40\jre\lib\ext;C:\Windows\Sun\Java\lib\ext"/>
    <property name="sun.boot.class.path" value="C:\Program Files\Java\jdk1.7.0_40\jre\lib\resources.jar;C:\Program Files\Java\jdk1.7.0_40\jre\lib\rt.jar;C:\Program Files\Java\jdk1.7.0_40\jre\lib\sunrsasign.jar;C:\Program Files\Java\jdk1.7.0_40\jre\lib\jsse.jar;C:\Program Files\Java\jdk1.7.0_40\jre\lib\jce.jar;C:\Program Files\Java\jdk1.7.0_40\jre\lib\charsets.jar;C:\Program Files\Java\jdk1.7.0_40\jre\lib\jfr.jar;C:\Program Files\Java\jdk1.7.0_40\jre\classes"/>
    <property name="java.vendor" value="Oracle Corporation"/>
    <property name="maven.home" value="C:\Users\Lenovo\workspace\com.selenium.dummy\EMBEDDED"/>
    <property name="file.separator" value="\"/>
    <property name="java.vendor.url.bug" value="http://bugreport.sun.com/bugreport/"/>
    <property name="maven.bootclasspath" value="/C:/Program Files/eclipse-jee-juno-SR1-win32-x86_64/eclipse/configuration/org.eclipse.osgi/bundles/858/1/.cp/jars/plexus-classworlds-2.4.jar"/>
    <property name="sun.cpu.endian" value="little"/>
    <property name="sun.io.unicode.encoding" value="UnicodeLittle"/>
    <property name="sun.desktop" value="windows"/>
    <property name="sun.cpu.isalist" value="amd64"/>
  </properties>
  <testcase time="64.006" classname="SearchTest" name="searchForItemTest">
    <failure message="Failed to connect to binary FirefoxBinary(C:\Program Files (x86)\Mozilla Firefox\firefox.exe) on port 7055; process output follows: 
i	DEBUG	startup
1436967931755	addons.xpi	INFO	Mapping fxdriver@googlecode.com to C:\Users\Lenovo\AppData\Local\Temp\anonymous7114067591707003963webdriver-profile\extensions\fxdriver@googlecode.com
1436967931755	addons.xpi	DEBUG	Ignoring file entry whose name is not a valid add-on ID: C:\Users\Lenovo\AppData\Local\Temp\anonymous7114067591707003963webdriver-profile\extensions\webdriver-staging
1436967931757	addons.xpi	INFO	Mapping {972ce4c6-7e08-4474-a285-3208198ce6fd} to C:\Program Files (x86)\Mozilla Firefox\browser\extensions\{972ce4c6-7e08-4474-a285-3208198ce6fd}
1436967931757	addons.xpi	DEBUG	Skipping unavailable install location app-system-share
1436967931758	addons.xpi	DEBUG	Skipping unavailable install location app-system-local
1436967931758	addons.xpi	INFO	Mapping avg@toolbar to C:\ProgramData\AVG SafeGuard toolbar\FireFoxExt\18.5.0.909
1436967931759	addons.xpi	DEBUG	checkForChanges
1436967931759	addons.xpi	DEBUG	Loaded add-on state from prefs: {&quot;app-profile&quot;:{&quot;fxdriver@googlecode.com&quot;:{&quot;d&quot;:&quot;C:\\Users\\Lenovo\\AppData\\Local\\Temp\\anonymous7114067591707003963webdriver-profile\\extensions\\fxdriver@googlecode.com&quot;,&quot;e&quot;:false,&quot;v&quot;:&quot;2.35.0&quot;,&quot;st&quot;:1436967913449,&quot;mt&quot;:1436967913251}},&quot;app-global&quot;:{&quot;{972ce4c6-7e08-4474-a285-3208198ce6fd}&quot;:{&quot;d&quot;:&quot;C:\\Program Files (x86)\\Mozilla Firefox\\browser\\extensions\\{972ce4c6-7e08-4474-a285-3208198ce6fd}&quot;,&quot;e&quot;:true,&quot;v&quot;:&quot;39.0&quot;,&quot;st&quot;:1436967099134,&quot;mt&quot;:1436967097391}},&quot;winreg-app-global&quot;:{&quot;avg@toolbar&quot;:{&quot;d&quot;:&quot;C:\\ProgramData\\AVG SafeGuard toolbar\\FireFoxExt\\18.5.0.909&quot;,&quot;e&quot;:false,&quot;v&quot;:&quot;18.5.0.909&quot;,&quot;st&quot;:1436451899239,&quot;mt&quot;:1436451786210}}}
1436967931761	addons.xpi	DEBUG	getModTime: Recursive scan of {972ce4c6-7e08-4474-a285-3208198ce6fd}
1436967931763	addons.xpi	DEBUG	getInstallState changed: false, state: {&quot;app-profile&quot;:{&quot;fxdriver@googlecode.com&quot;:{&quot;d&quot;:&quot;C:\\Users\\Lenovo\\AppData\\Local\\Temp\\anonymous7114067591707003963webdriver-profile\\extensions\\fxdriver@googlecode.com&quot;,&quot;e&quot;:false,&quot;v&quot;:&quot;2.35.0&quot;,&quot;st&quot;:1436967913449,&quot;mt&quot;:1436967913251}},&quot;app-global&quot;:{&quot;{972ce4c6-7e08-4474-a285-3208198ce6fd}&quot;:{&quot;d&quot;:&quot;C:\\Program Files (x86)\\Mozilla Firefox\\browser\\extensions\\{972ce4c6-7e08-4474-a285-3208198ce6fd}&quot;,&quot;e&quot;:true,&quot;v&quot;:&quot;39.0&quot;,&quot;st&quot;:1436967099134,&quot;mt&quot;:1436967097391}},&quot;winreg-app-global&quot;:{&quot;avg@toolbar&quot;:{&quot;d&quot;:&quot;C:\\ProgramData\\AVG SafeGuard toolbar\\FireFoxExt\\18.5.0.909&quot;,&quot;e&quot;:false,&quot;v&quot;:&quot;18.5.0.909&quot;,&quot;st&quot;:1436451899239,&quot;mt&quot;:1436451786210}}}
1436967931766	addons.xpi	DEBUG	No changes found
1436967931772	addons.manager	DEBUG	Registering shutdown blocker for XPIProvider
1436967931773	addons.manager	DEBUG	Provider finished startup: XPIProvider
1436967931773	addons.manager	DEBUG	Starting provider: LightweightThemeManager
1436967931773	addons.manager	DEBUG	Registering shutdown blocker for LightweightThemeManager
1436967931774	addons.manager	DEBUG	Provider finished startup: LightweightThemeManager
1436967931774	addons.manager	DEBUG	Starting provider: GMPProvider
1436967931780	addons.manager	DEBUG	Registering shutdown blocker for GMPProvider
1436967931781	addons.manager	DEBUG	Provider finished startup: GMPProvider
1436967931781	addons.manager	DEBUG	Starting provider: PluginProvider
1436967931781	addons.manager	DEBUG	Registering shutdown blocker for PluginProvider
1436967931781	addons.manager	DEBUG	Provider finished startup: PluginProvider
1436967931782	addons.manager	DEBUG	Completed startup sequence
1436967931964	addons.xpi-utils	DEBUG	Starting async load of XPI database C:\Users\Lenovo\AppData\Local\Temp\anonymous7114067591707003963webdriver-profile\extensions.json
1436967931967	addons.manager	DEBUG	Starting provider: &lt;unnamed-provider&gt;
1436967931967	addons.manager	DEBUG	Registering shutdown blocker for &lt;unnamed-provider&gt;
1436967931968	addons.manager	DEBUG	Provider finished startup: &lt;unnamed-provider&gt;
1436967932408	addons.xpi-utils	DEBUG	Async JSON file read took 0 MS
1436967932408	addons.xpi-utils	DEBUG	Finished async read of XPI database, parsing...
1436967932409	addons.xpi-utils	DEBUG	Successfully read XPI database
*** Blocklist::_loadBlocklistFromFile: blocklist is disabled

Build info: version: &apos;2.35.0&apos;, revision: &apos;8df0c6bedf70ff9f22c647788f9fe9c8d22210e2&apos;, time: &apos;2013-08-17 12:46:41&apos;
System info: os.name: &apos;Windows 7&apos;, os.arch: &apos;amd64&apos;, os.version: &apos;6.1&apos;, java.version: &apos;1.7.0_40&apos;
Driver info: driver.version: FirefoxDriver" type="org.openqa.selenium.WebDriverException">org.openqa.selenium.WebDriverException: Failed to connect to binary FirefoxBinary(C:\Program Files (x86)\Mozilla Firefox\firefox.exe) on port 7055; process output follows: 
i	DEBUG	startup
1436967931755	addons.xpi	INFO	Mapping fxdriver@googlecode.com to C:\Users\Lenovo\AppData\Local\Temp\anonymous7114067591707003963webdriver-profile\extensions\fxdriver@googlecode.com
1436967931755	addons.xpi	DEBUG	Ignoring file entry whose name is not a valid add-on ID: C:\Users\Lenovo\AppData\Local\Temp\anonymous7114067591707003963webdriver-profile\extensions\webdriver-staging
1436967931757	addons.xpi	INFO	Mapping {972ce4c6-7e08-4474-a285-3208198ce6fd} to C:\Program Files (x86)\Mozilla Firefox\browser\extensions\{972ce4c6-7e08-4474-a285-3208198ce6fd}
1436967931757	addons.xpi	DEBUG	Skipping unavailable install location app-system-share
1436967931758	addons.xpi	DEBUG	Skipping unavailable install location app-system-local
1436967931758	addons.xpi	INFO	Mapping avg@toolbar to C:\ProgramData\AVG SafeGuard toolbar\FireFoxExt\18.5.0.909
1436967931759	addons.xpi	DEBUG	checkForChanges
1436967931759	addons.xpi	DEBUG	Loaded add-on state from prefs: {&quot;app-profile&quot;:{&quot;fxdriver@googlecode.com&quot;:{&quot;d&quot;:&quot;C:\\Users\\Lenovo\\AppData\\Local\\Temp\\anonymous7114067591707003963webdriver-profile\\extensions\\fxdriver@googlecode.com&quot;,&quot;e&quot;:false,&quot;v&quot;:&quot;2.35.0&quot;,&quot;st&quot;:1436967913449,&quot;mt&quot;:1436967913251}},&quot;app-global&quot;:{&quot;{972ce4c6-7e08-4474-a285-3208198ce6fd}&quot;:{&quot;d&quot;:&quot;C:\\Program Files (x86)\\Mozilla Firefox\\browser\\extensions\\{972ce4c6-7e08-4474-a285-3208198ce6fd}&quot;,&quot;e&quot;:true,&quot;v&quot;:&quot;39.0&quot;,&quot;st&quot;:1436967099134,&quot;mt&quot;:1436967097391}},&quot;winreg-app-global&quot;:{&quot;avg@toolbar&quot;:{&quot;d&quot;:&quot;C:\\ProgramData\\AVG SafeGuard toolbar\\FireFoxExt\\18.5.0.909&quot;,&quot;e&quot;:false,&quot;v&quot;:&quot;18.5.0.909&quot;,&quot;st&quot;:1436451899239,&quot;mt&quot;:1436451786210}}}
1436967931761	addons.xpi	DEBUG	getModTime: Recursive scan of {972ce4c6-7e08-4474-a285-3208198ce6fd}
1436967931763	addons.xpi	DEBUG	getInstallState changed: false, state: {&quot;app-profile&quot;:{&quot;fxdriver@googlecode.com&quot;:{&quot;d&quot;:&quot;C:\\Users\\Lenovo\\AppData\\Local\\Temp\\anonymous7114067591707003963webdriver-profile\\extensions\\fxdriver@googlecode.com&quot;,&quot;e&quot;:false,&quot;v&quot;:&quot;2.35.0&quot;,&quot;st&quot;:1436967913449,&quot;mt&quot;:1436967913251}},&quot;app-global&quot;:{&quot;{972ce4c6-7e08-4474-a285-3208198ce6fd}&quot;:{&quot;d&quot;:&quot;C:\\Program Files (x86)\\Mozilla Firefox\\browser\\extensions\\{972ce4c6-7e08-4474-a285-3208198ce6fd}&quot;,&quot;e&quot;:true,&quot;v&quot;:&quot;39.0&quot;,&quot;st&quot;:1436967099134,&quot;mt&quot;:1436967097391}},&quot;winreg-app-global&quot;:{&quot;avg@toolbar&quot;:{&quot;d&quot;:&quot;C:\\ProgramData\\AVG SafeGuard toolbar\\FireFoxExt\\18.5.0.909&quot;,&quot;e&quot;:false,&quot;v&quot;:&quot;18.5.0.909&quot;,&quot;st&quot;:1436451899239,&quot;mt&quot;:1436451786210}}}
1436967931766	addons.xpi	DEBUG	No changes found
1436967931772	addons.manager	DEBUG	Registering shutdown blocker for XPIProvider
1436967931773	addons.manager	DEBUG	Provider finished startup: XPIProvider
1436967931773	addons.manager	DEBUG	Starting provider: LightweightThemeManager
1436967931773	addons.manager	DEBUG	Registering shutdown blocker for LightweightThemeManager
1436967931774	addons.manager	DEBUG	Provider finished startup: LightweightThemeManager
1436967931774	addons.manager	DEBUG	Starting provider: GMPProvider
1436967931780	addons.manager	DEBUG	Registering shutdown blocker for GMPProvider
1436967931781	addons.manager	DEBUG	Provider finished startup: GMPProvider
1436967931781	addons.manager	DEBUG	Starting provider: PluginProvider
1436967931781	addons.manager	DEBUG	Registering shutdown blocker for PluginProvider
1436967931781	addons.manager	DEBUG	Provider finished startup: PluginProvider
1436967931782	addons.manager	DEBUG	Completed startup sequence
1436967931964	addons.xpi-utils	DEBUG	Starting async load of XPI database C:\Users\Lenovo\AppData\Local\Temp\anonymous7114067591707003963webdriver-profile\extensions.json
1436967931967	addons.manager	DEBUG	Starting provider: &lt;unnamed-provider&gt;
1436967931967	addons.manager	DEBUG	Registering shutdown blocker for &lt;unnamed-provider&gt;
1436967931968	addons.manager	DEBUG	Provider finished startup: &lt;unnamed-provider&gt;
1436967932408	addons.xpi-utils	DEBUG	Async JSON file read took 0 MS
1436967932408	addons.xpi-utils	DEBUG	Finished async read of XPI database, parsing...
1436967932409	addons.xpi-utils	DEBUG	Successfully read XPI database
*** Blocklist::_loadBlocklistFromFile: blocklist is disabled
Build info: version: &apos;2.35.0&apos;, revision: &apos;8df0c6bedf70ff9f22c647788f9fe9c8d22210e2&apos;, time: &apos;2013-08-17 12:46:41&apos;
System info: os.name: &apos;Windows 7&apos;, os.arch: &apos;amd64&apos;, os.version: &apos;6.1&apos;, java.version: &apos;1.7.0_40&apos;
Driver info: driver.version: FirefoxDriver
	at org.openqa.selenium.firefox.internal.NewProfileExtensionConnection.start(NewProfileExtensionConnection.java:118)
	at org.openqa.selenium.firefox.FirefoxDriver.startClient(FirefoxDriver.java:251)
	at org.openqa.selenium.remote.RemoteWebDriver.&lt;init&gt;(RemoteWebDriver.java:110)
	at org.openqa.selenium.firefox.FirefoxDriver.&lt;init&gt;(FirefoxDriver.java:195)
	at org.openqa.selenium.firefox.FirefoxDriver.&lt;init&gt;(FirefoxDriver.java:190)
	at org.openqa.selenium.firefox.FirefoxDriver.&lt;init&gt;(FirefoxDriver.java:186)
	at org.openqa.selenium.firefox.FirefoxDriver.&lt;init&gt;(FirefoxDriver.java:99)
	at SearchTest.searchForItemTest(SearchTest.java:16)
Caused by: org.openqa.selenium.firefox.NotConnectedException: Unable to connect to host 127.0.0.1 on port 7055 after 45000 ms. Firefox console output:
i	DEBUG	startup
1436967931755	addons.xpi	INFO	Mapping fxdriver@googlecode.com to C:\Users\Lenovo\AppData\Local\Temp\anonymous7114067591707003963webdriver-profile\extensions\fxdriver@googlecode.com
1436967931755	addons.xpi	DEBUG	Ignoring file entry whose name is not a valid add-on ID: C:\Users\Lenovo\AppData\Local\Temp\anonymous7114067591707003963webdriver-profile\extensions\webdriver-staging
1436967931757	addons.xpi	INFO	Mapping {972ce4c6-7e08-4474-a285-3208198ce6fd} to C:\Program Files (x86)\Mozilla Firefox\browser\extensions\{972ce4c6-7e08-4474-a285-3208198ce6fd}
1436967931757	addons.xpi	DEBUG	Skipping unavailable install location app-system-share
1436967931758	addons.xpi	DEBUG	Skipping unavailable install location app-system-local
1436967931758	addons.xpi	INFO	Mapping avg@toolbar to C:\ProgramData\AVG SafeGuard toolbar\FireFoxExt\18.5.0.909
1436967931759	addons.xpi	DEBUG	checkForChanges
1436967931759	addons.xpi	DEBUG	Loaded add-on state from prefs: {&quot;app-profile&quot;:{&quot;fxdriver@googlecode.com&quot;:{&quot;d&quot;:&quot;C:\\Users\\Lenovo\\AppData\\Local\\Temp\\anonymous7114067591707003963webdriver-profile\\extensions\\fxdriver@googlecode.com&quot;,&quot;e&quot;:false,&quot;v&quot;:&quot;2.35.0&quot;,&quot;st&quot;:1436967913449,&quot;mt&quot;:1436967913251}},&quot;app-global&quot;:{&quot;{972ce4c6-7e08-4474-a285-3208198ce6fd}&quot;:{&quot;d&quot;:&quot;C:\\Program Files (x86)\\Mozilla Firefox\\browser\\extensions\\{972ce4c6-7e08-4474-a285-3208198ce6fd}&quot;,&quot;e&quot;:true,&quot;v&quot;:&quot;39.0&quot;,&quot;st&quot;:1436967099134,&quot;mt&quot;:1436967097391}},&quot;winreg-app-global&quot;:{&quot;avg@toolbar&quot;:{&quot;d&quot;:&quot;C:\\ProgramData\\AVG SafeGuard toolbar\\FireFoxExt\\18.5.0.909&quot;,&quot;e&quot;:false,&quot;v&quot;:&quot;18.5.0.909&quot;,&quot;st&quot;:1436451899239,&quot;mt&quot;:1436451786210}}}
1436967931761	addons.xpi	DEBUG	getModTime: Recursive scan of {972ce4c6-7e08-4474-a285-3208198ce6fd}
1436967931763	addons.xpi	DEBUG	getInstallState changed: false, state: {&quot;app-profile&quot;:{&quot;fxdriver@googlecode.com&quot;:{&quot;d&quot;:&quot;C:\\Users\\Lenovo\\AppData\\Local\\Temp\\anonymous7114067591707003963webdriver-profile\\extensions\\fxdriver@googlecode.com&quot;,&quot;e&quot;:false,&quot;v&quot;:&quot;2.35.0&quot;,&quot;st&quot;:1436967913449,&quot;mt&quot;:1436967913251}},&quot;app-global&quot;:{&quot;{972ce4c6-7e08-4474-a285-3208198ce6fd}&quot;:{&quot;d&quot;:&quot;C:\\Program Files (x86)\\Mozilla Firefox\\browser\\extensions\\{972ce4c6-7e08-4474-a285-3208198ce6fd}&quot;,&quot;e&quot;:true,&quot;v&quot;:&quot;39.0&quot;,&quot;st&quot;:1436967099134,&quot;mt&quot;:1436967097391}},&quot;winreg-app-global&quot;:{&quot;avg@toolbar&quot;:{&quot;d&quot;:&quot;C:\\ProgramData\\AVG SafeGuard toolbar\\FireFoxExt\\18.5.0.909&quot;,&quot;e&quot;:false,&quot;v&quot;:&quot;18.5.0.909&quot;,&quot;st&quot;:1436451899239,&quot;mt&quot;:1436451786210}}}
1436967931766	addons.xpi	DEBUG	No changes found
1436967931772	addons.manager	DEBUG	Registering shutdown blocker for XPIProvider
1436967931773	addons.manager	DEBUG	Provider finished startup: XPIProvider
1436967931773	addons.manager	DEBUG	Starting provider: LightweightThemeManager
1436967931773	addons.manager	DEBUG	Registering shutdown blocker for LightweightThemeManager
1436967931774	addons.manager	DEBUG	Provider finished startup: LightweightThemeManager
1436967931774	addons.manager	DEBUG	Starting provider: GMPProvider
1436967931780	addons.manager	DEBUG	Registering shutdown blocker for GMPProvider
1436967931781	addons.manager	DEBUG	Provider finished startup: GMPProvider
1436967931781	addons.manager	DEBUG	Starting provider: PluginProvider
1436967931781	addons.manager	DEBUG	Registering shutdown blocker for PluginProvider
1436967931781	addons.manager	DEBUG	Provider finished startup: PluginProvider
1436967931782	addons.manager	DEBUG	Completed startup sequence
1436967931964	addons.xpi-utils	DEBUG	Starting async load of XPI database C:\Users\Lenovo\AppData\Local\Temp\anonymous7114067591707003963webdriver-profile\extensions.json
1436967931967	addons.manager	DEBUG	Starting provider: &lt;unnamed-provider&gt;
1436967931967	addons.manager	DEBUG	Registering shutdown blocker for &lt;unnamed-provider&gt;
1436967931968	addons.manager	DEBUG	Provider finished startup: &lt;unnamed-provider&gt;
1436967932408	addons.xpi-utils	DEBUG	Async JSON file read took 0 MS
1436967932408	addons.xpi-utils	DEBUG	Finished async read of XPI database, parsing...
1436967932409	addons.xpi-utils	DEBUG	Successfully read XPI database
*** Blocklist::_loadBlocklistFromFile: blocklist is disabled

	at org.openqa.selenium.firefox.internal.NewProfileExtensionConnection.start(NewProfileExtensionConnection.java:106)
	... 40 more
</failure>
    <system-err>org.openqa.selenium.firefox.NotConnectedException: Unable to connect to host 127.0.0.1 on port 7055 after 45000 ms. Firefox console output:
i	DEBUG	startup
1436967931755	addons.xpi	INFO	Mapping fxdriver@googlecode.com to C:\Users\Lenovo\AppData\Local\Temp\anonymous7114067591707003963webdriver-profile\extensions\fxdriver@googlecode.com
1436967931755	addons.xpi	DEBUG	Ignoring file entry whose name is not a valid add-on ID: C:\Users\Lenovo\AppData\Local\Temp\anonymous7114067591707003963webdriver-profile\extensions\webdriver-staging
1436967931757	addons.xpi	INFO	Mapping {972ce4c6-7e08-4474-a285-3208198ce6fd} to C:\Program Files (x86)\Mozilla Firefox\browser\extensions\{972ce4c6-7e08-4474-a285-3208198ce6fd}
1436967931757	addons.xpi	DEBUG	Skipping unavailable install location app-system-share
1436967931758	addons.xpi	DEBUG	Skipping unavailable install location app-system-local
1436967931758	addons.xpi	INFO	Mapping avg@toolbar to C:\ProgramData\AVG SafeGuard toolbar\FireFoxExt\18.5.0.909
1436967931759	addons.xpi	DEBUG	checkForChanges
1436967931759	addons.xpi	DEBUG	Loaded add-on state from prefs: {&quot;app-profile&quot;:{&quot;fxdriver@googlecode.com&quot;:{&quot;d&quot;:&quot;C:\\Users\\Lenovo\\AppData\\Local\\Temp\\anonymous7114067591707003963webdriver-profile\\extensions\\fxdriver@googlecode.com&quot;,&quot;e&quot;:false,&quot;v&quot;:&quot;2.35.0&quot;,&quot;st&quot;:1436967913449,&quot;mt&quot;:1436967913251}},&quot;app-global&quot;:{&quot;{972ce4c6-7e08-4474-a285-3208198ce6fd}&quot;:{&quot;d&quot;:&quot;C:\\Program Files (x86)\\Mozilla Firefox\\browser\\extensions\\{972ce4c6-7e08-4474-a285-3208198ce6fd}&quot;,&quot;e&quot;:true,&quot;v&quot;:&quot;39.0&quot;,&quot;st&quot;:1436967099134,&quot;mt&quot;:1436967097391}},&quot;winreg-app-global&quot;:{&quot;avg@toolbar&quot;:{&quot;d&quot;:&quot;C:\\ProgramData\\AVG SafeGuard toolbar\\FireFoxExt\\18.5.0.909&quot;,&quot;e&quot;:false,&quot;v&quot;:&quot;18.5.0.909&quot;,&quot;st&quot;:1436451899239,&quot;mt&quot;:1436451786210}}}
1436967931761	addons.xpi	DEBUG	getModTime: Recursive scan of {972ce4c6-7e08-4474-a285-3208198ce6fd}
1436967931763	addons.xpi	DEBUG	getInstallState changed: false, state: {&quot;app-profile&quot;:{&quot;fxdriver@googlecode.com&quot;:{&quot;d&quot;:&quot;C:\\Users\\Lenovo\\AppData\\Local\\Temp\\anonymous7114067591707003963webdriver-profile\\extensions\\fxdriver@googlecode.com&quot;,&quot;e&quot;:false,&quot;v&quot;:&quot;2.35.0&quot;,&quot;st&quot;:1436967913449,&quot;mt&quot;:1436967913251}},&quot;app-global&quot;:{&quot;{972ce4c6-7e08-4474-a285-3208198ce6fd}&quot;:{&quot;d&quot;:&quot;C:\\Program Files (x86)\\Mozilla Firefox\\browser\\extensions\\{972ce4c6-7e08-4474-a285-3208198ce6fd}&quot;,&quot;e&quot;:true,&quot;v&quot;:&quot;39.0&quot;,&quot;st&quot;:1436967099134,&quot;mt&quot;:1436967097391}},&quot;winreg-app-global&quot;:{&quot;avg@toolbar&quot;:{&quot;d&quot;:&quot;C:\\ProgramData\\AVG SafeGuard toolbar\\FireFoxExt\\18.5.0.909&quot;,&quot;e&quot;:false,&quot;v&quot;:&quot;18.5.0.909&quot;,&quot;st&quot;:1436451899239,&quot;mt&quot;:1436451786210}}}
1436967931766	addons.xpi	DEBUG	No changes found
1436967931772	addons.manager	DEBUG	Registering shutdown blocker for XPIProvider
1436967931773	addons.manager	DEBUG	Provider finished startup: XPIProvider
1436967931773	addons.manager	DEBUG	Starting provider: LightweightThemeManager
1436967931773	addons.manager	DEBUG	Registering shutdown blocker for LightweightThemeManager
1436967931774	addons.manager	DEBUG	Provider finished startup: LightweightThemeManager
1436967931774	addons.manager	DEBUG	Starting provider: GMPProvider
1436967931780	addons.manager	DEBUG	Registering shutdown blocker for GMPProvider
1436967931781	addons.manager	DEBUG	Provider finished startup: GMPProvider
1436967931781	addons.manager	DEBUG	Starting provider: PluginProvider
1436967931781	addons.manager	DEBUG	Registering shutdown blocker for PluginProvider
1436967931781	addons.manager	DEBUG	Provider finished startup: PluginProvider
1436967931782	addons.manager	DEBUG	Completed startup sequence
1436967931964	addons.xpi-utils	DEBUG	Starting async load of XPI database C:\Users\Lenovo\AppData\Local\Temp\anonymous7114067591707003963webdriver-profile\extensions.json
1436967931967	addons.manager	DEBUG	Starting provider: &lt;unnamed-provider&gt;
1436967931967	addons.manager	DEBUG	Registering shutdown blocker for &lt;unnamed-provider&gt;
1436967931968	addons.manager	DEBUG	Provider finished startup: &lt;unnamed-provider&gt;
1436967932408	addons.xpi-utils	DEBUG	Async JSON file read took 0 MS
1436967932408	addons.xpi-utils	DEBUG	Finished async read of XPI database, parsing...
1436967932409	addons.xpi-utils	DEBUG	Successfully read XPI database
*** Blocklist::_loadBlocklistFromFile: blocklist is disabled

	at org.openqa.selenium.firefox.internal.NewProfileExtensionConnection.start(NewProfileExtensionConnection.java:106)
	at org.openqa.selenium.firefox.FirefoxDriver.startClient(FirefoxDriver.java:251)
	at org.openqa.selenium.remote.RemoteWebDriver.&lt;init&gt;(RemoteWebDriver.java:110)
	at org.openqa.selenium.firefox.FirefoxDriver.&lt;init&gt;(FirefoxDriver.java:195)
	at org.openqa.selenium.firefox.FirefoxDriver.&lt;init&gt;(FirefoxDriver.java:190)
	at org.openqa.selenium.firefox.FirefoxDriver.&lt;init&gt;(FirefoxDriver.java:186)
	at org.openqa.selenium.firefox.FirefoxDriver.&lt;init&gt;(FirefoxDriver.java:99)
	at SearchTest.searchForItemTest(SearchTest.java:16)
	at sun.reflect.NativeMethodAccessorImpl.invoke0(Native Method)
	at sun.reflect.NativeMethodAccessorImpl.invoke(NativeMethodAccessorImpl.java:57)
	at sun.reflect.DelegatingMethodAccessorImpl.invoke(DelegatingMethodAccessorImpl.java:43)
	at java.lang.reflect.Method.invoke(Method.java:606)
	at org.testng.internal.MethodInvocationHelper.invokeMethod(MethodInvocationHelper.java:85)
	at org.testng.internal.Invoker.invokeMethod(Invoker.java:639)
	at org.testng.internal.Invoker.invokeTestMethod(Invoker.java:821)
	at org.testng.internal.Invoker.invokeTestMethods(Invoker.java:1131)
	at org.testng.internal.TestMethodWorker.invokeTestMethods(TestMethodWorker.java:124)
	at org.testng.internal.TestMethodWorker.run(TestMethodWorker.java:108)
	at org.testng.TestRunner.privateRun(TestRunner.java:773)
	at org.testng.TestRunner.run(TestRunner.java:623)
	at org.testng.SuiteRunner.runTest(SuiteRunner.java:357)
	at org.testng.SuiteRunner.runSequentially(SuiteRunner.java:352)
	at org.testng.SuiteRunner.privateRun(SuiteRunner.java:310)
	at org.testng.SuiteRunner.run(SuiteRunner.java:259)
	at org.testng.SuiteRunnerWorker.runSuite(SuiteRunnerWorker.java:52)
	at org.testng.SuiteRunnerWorker.run(SuiteRunnerWorker.java:86)
	at org.testng.TestNG.runSuitesSequentially(TestNG.java:1185)
	at org.testng.TestNG.runSuitesLocally(TestNG.java:1110)
	at org.testng.TestNG.run(TestNG.java:1018)
	at org.apache.maven.surefire.testng.TestNGExecutor.run(TestNGExecutor.java:70)
	at org.apache.maven.surefire.testng.TestNGDirectoryTestSuite.execute(TestNGDirectoryTestSuite.java:109)
	at org.apache.maven.surefire.testng.TestNGProvider.invoke(TestNGProvider.java:111)
	at sun.reflect.NativeMethodAccessorImpl.invoke0(Native Method)
	at sun.reflect.NativeMethodAccessorImpl.invoke(NativeMethodAccessorImpl.java:57)
	at sun.reflect.DelegatingMethodAccessorImpl.invoke(DelegatingMethodAccessorImpl.java:43)
	at java.lang.reflect.Method.invoke(Method.java:606)
	at org.apache.maven.surefire.util.ReflectionUtils.invokeMethodWithArray(ReflectionUtils.java:164)
	at org.apache.maven.surefire.booter.ProviderFactory$ProviderProxy.invoke(ProviderFactory.java:110)
	at org.apache.maven.surefire.booter.SurefireStarter.invokeProvider(SurefireStarter.java:175)
	at org.apache.maven.surefire.booter.SurefireStarter.runSuitesInProcessWhenForked(SurefireStarter.java:107)
	at org.apache.maven.surefire.booter.ForkedBooter.main(ForkedBooter.java:68)
</system-err>
  </testcase>
</testsuite>