<?xml version="1.0" encoding="UTF-8"?>
<!-- Generated by org.testng.reporters.JUnitReportReporter -->
<testsuite hostname="Lenovo-PC" name="SearchTest" tests="1" failures="0" timestamp="15 Jul 2015 13:56:27 GMT" time="14.746" errors="0">
  <testcase name="searchForItemTest" time="14.746" classname="SearchTest"/>
</testsuite> <!-- SearchTest -->
